==111302== Memcheck, a memory error detector
==111302== Copyright (C) 2002-2017, and GNU GPL'd, by Julian Seward et al.
==111302== Using Valgrind-3.18.1 and LibVEX; rerun with -h for copyright info
==111302== Command: ./main
==111302== Parent PID: 108545
==111302== 
==111302== Conditional jump or move depends on uninitialised value(s)
==111302==    at 0x109616: createStudent (main.c:56)
==111302==    by 0x10AB89: readStudentsFromFile (build_data.c:50)
==111302==    by 0x10AE04: buildDatabase (build_data.c:83)
==111302==    by 0x10970E: main (main.c:89)
==111302==    by 0x4CD6D8F: __libc_start_call_main (libc_start_call_main.h:58)
==111302==    by 0x4CD6E3F: __libc_start_main@@GLIBC_2.34 (libc-start.c:392)
==111302==    by 0x1093E4: _start (in /home/samah/Desktop/exellenteam/School/checkpoint-Samah-00/main)
==111302==    by 0x1FFEFFFFD7: ???
==111302==    by 0x1B: ???
==111302== 
==111302== Conditional jump or move depends on uninitialised value(s)
==111302==    at 0x109631: createStudent (main.c:56)
==111302==    by 0x10AB89: readStudentsFromFile (build_data.c:50)
==111302==    by 0x10AE04: buildDatabase (build_data.c:83)
==111302==    by 0x10970E: main (main.c:89)
==111302==    by 0x4CD6D8F: __libc_start_call_main (libc_start_call_main.h:58)
==111302==    by 0x4CD6E3F: __libc_start_main@@GLIBC_2.34 (libc-start.c:392)
==111302==    by 0x1093E4: _start (in /home/samah/Desktop/exellenteam/School/checkpoint-Samah-00/main)
==111302==    by 0x1FFEFFFFD7: ???
==111302==    by 0x1B: ???
==111302== 
==111302== Conditional jump or move depends on uninitialised value(s)
==111302==    at 0x4D23B56: __vfprintf_internal (vfprintf-internal.c:1516)
==111302==    by 0x4D0D81E: printf (printf.c:33)
==111302==    by 0x10A2DC: printStudentInfo (operations.c:187)
==111302==    by 0x10A463: findCandidatesForDeparture (operations.c:222)
==111302==    by 0x109852: main (main.c:124)
==111302==    by 0x4CD6D8F: __libc_start_call_main (libc_start_call_main.h:58)
==111302==    by 0x4CD6E3F: __libc_start_main@@GLIBC_2.34 (libc-start.c:392)
==111302==    by 0x1093E4: _start (in /home/samah/Desktop/exellenteam/School/checkpoint-Samah-00/main)
==111302==    by 0x1FFEFFFFD7: ???
==111302==    by 0x1B: ???
==111302== 
==111302== Use of uninitialised value of size 8
==111302==    at 0x4D0733B: _itoa_word (_itoa.c:177)
==111302==    by 0x4D22B3D: __vfprintf_internal (vfprintf-internal.c:1516)
==111302==    by 0x4D0D81E: printf (printf.c:33)
==111302==    by 0x10A2DC: printStudentInfo (operations.c:187)
==111302==    by 0x10A463: findCandidatesForDeparture (operations.c:222)
==111302==    by 0x109852: main (main.c:124)
==111302==    by 0x4CD6D8F: __libc_start_call_main (libc_start_call_main.h:58)
==111302==    by 0x4CD6E3F: __libc_start_main@@GLIBC_2.34 (libc-start.c:392)
==111302==    by 0x1093E4: _start (in /home/samah/Desktop/exellenteam/School/checkpoint-Samah-00/main)
==111302==    by 0x1FFEFFFFD7: ???
==111302==    by 0x1B: ???
==111302== 
==111302== Conditional jump or move depends on uninitialised value(s)
==111302==    at 0x4D0734C: _itoa_word (_itoa.c:177)
==111302==    by 0x4D22B3D: __vfprintf_internal (vfprintf-internal.c:1516)
==111302==    by 0x4D0D81E: printf (printf.c:33)
==111302==    by 0x10A2DC: printStudentInfo (operations.c:187)
==111302==    by 0x10A463: findCandidatesForDeparture (operations.c:222)
==111302==    by 0x109852: main (main.c:124)
==111302==    by 0x4CD6D8F: __libc_start_call_main (libc_start_call_main.h:58)
==111302==    by 0x4CD6E3F: __libc_start_main@@GLIBC_2.34 (libc-start.c:392)
==111302==    by 0x1093E4: _start (in /home/samah/Desktop/exellenteam/School/checkpoint-Samah-00/main)
==111302==    by 0x1FFEFFFFD7: ???
==111302==    by 0x1B: ???
==111302== 
==111302== Conditional jump or move depends on uninitialised value(s)
==111302==    at 0x4D23643: __vfprintf_internal (vfprintf-internal.c:1516)
==111302==    by 0x4D0D81E: printf (printf.c:33)
==111302==    by 0x10A2DC: printStudentInfo (operations.c:187)
==111302==    by 0x10A463: findCandidatesForDeparture (operations.c:222)
==111302==    by 0x109852: main (main.c:124)
==111302==    by 0x4CD6D8F: __libc_start_call_main (libc_start_call_main.h:58)
==111302==    by 0x4CD6E3F: __libc_start_main@@GLIBC_2.34 (libc-start.c:392)
==111302==    by 0x1093E4: _start (in /home/samah/Desktop/exellenteam/School/checkpoint-Samah-00/main)
==111302==    by 0x1FFEFFFFD7: ???
==111302==    by 0x1B: ???
==111302== 
==111302== Conditional jump or move depends on uninitialised value(s)
==111302==    at 0x4D22C85: __vfprintf_internal (vfprintf-internal.c:1516)
==111302==    by 0x4D0D81E: printf (printf.c:33)
==111302==    by 0x10A2DC: printStudentInfo (operations.c:187)
==111302==    by 0x10A463: findCandidatesForDeparture (operations.c:222)
==111302==    by 0x109852: main (main.c:124)
==111302==    by 0x4CD6D8F: __libc_start_call_main (libc_start_call_main.h:58)
==111302==    by 0x4CD6E3F: __libc_start_main@@GLIBC_2.34 (libc-start.c:392)
==111302==    by 0x1093E4: _start (in /home/samah/Desktop/exellenteam/School/checkpoint-Samah-00/main)
==111302==    by 0x1FFEFFFFD7: ???
==111302==    by 0x1B: ???
==111302== 
==111302== Conditional jump or move depends on uninitialised value(s)
==111302==    at 0x4D07D08: __printf_fp_l (printf_fp.c:396)
==111302==    by 0x4D239AC: __printf_fp_spec (vfprintf-internal.c:354)
==111302==    by 0x4D239AC: __vfprintf_internal (vfprintf-internal.c:1558)
==111302==    by 0x4D0D81E: printf (printf.c:33)
==111302==    by 0x10A5ED: calculateAveragePerCoursePerLayer (operations.c:249)
==111302==    by 0x109863: main (main.c:127)
==111302==    by 0x4CD6D8F: __libc_start_call_main (libc_start_call_main.h:58)
==111302==    by 0x4CD6E3F: __libc_start_main@@GLIBC_2.34 (libc-start.c:392)
==111302==    by 0x1093E4: _start (in /home/samah/Desktop/exellenteam/School/checkpoint-Samah-00/main)
==111302==    by 0x1FFEFFFFD7: ???
==111302==    by 0x1B: ???
==111302== 
==111302== Conditional jump or move depends on uninitialised value(s)
==111302==    at 0x4D07D22: __printf_fp_l (printf_fp.c:396)
==111302==    by 0x4D239AC: __printf_fp_spec (vfprintf-internal.c:354)
==111302==    by 0x4D239AC: __vfprintf_internal (vfprintf-internal.c:1558)
==111302==    by 0x4D0D81E: printf (printf.c:33)
==111302==    by 0x10A5ED: calculateAveragePerCoursePerLayer (operations.c:249)
==111302==    by 0x109863: main (main.c:127)
==111302==    by 0x4CD6D8F: __libc_start_call_main (libc_start_call_main.h:58)
==111302==    by 0x4CD6E3F: __libc_start_main@@GLIBC_2.34 (libc-start.c:392)
==111302==    by 0x1093E4: _start (in /home/samah/Desktop/exellenteam/School/checkpoint-Samah-00/main)
==111302==    by 0x1FFEFFFFD7: ???
==111302==    by 0x1B: ???
==111302== 
==111302== Conditional jump or move depends on uninitialised value(s)
==111302==    at 0x4D0355A: __mpn_extract_double (dbl2mpn.c:56)
==111302==    by 0x4D08016: __printf_fp_l (printf_fp.c:396)
==111302==    by 0x4D239AC: __printf_fp_spec (vfprintf-internal.c:354)
==111302==    by 0x4D239AC: __vfprintf_internal (vfprintf-internal.c:1558)
==111302==    by 0x4D0D81E: printf (printf.c:33)
==111302==    by 0x10A5ED: calculateAveragePerCoursePerLayer (operations.c:249)
==111302==    by 0x109863: main (main.c:127)
==111302==    by 0x4CD6D8F: __libc_start_call_main (libc_start_call_main.h:58)
==111302==    by 0x4CD6E3F: __libc_start_main@@GLIBC_2.34 (libc-start.c:392)
==111302==    by 0x1093E4: _start (in /home/samah/Desktop/exellenteam/School/checkpoint-Samah-00/main)
==111302==    by 0x1FFEFFFFD7: ???
==111302==    by 0x1B: ???
==111302== 
==111302== Conditional jump or move depends on uninitialised value(s)
==111302==    at 0x4D08066: __printf_fp_l (printf_fp.c:437)
==111302==    by 0x4D239AC: __printf_fp_spec (vfprintf-internal.c:354)
==111302==    by 0x4D239AC: __vfprintf_internal (vfprintf-internal.c:1558)
==111302==    by 0x4D0D81E: printf (printf.c:33)
==111302==    by 0x10A5ED: calculateAveragePerCoursePerLayer (operations.c:249)
==111302==    by 0x109863: main (main.c:127)
==111302==    by 0x4CD6D8F: __libc_start_call_main (libc_start_call_main.h:58)
==111302==    by 0x4CD6E3F: __libc_start_main@@GLIBC_2.34 (libc-start.c:392)
==111302==    by 0x1093E4: _start (in /home/samah/Desktop/exellenteam/School/checkpoint-Samah-00/main)
==111302==    by 0x1FFEFFFFD7: ???
==111302==    by 0x1B: ???
==111302== 
==111302== Conditional jump or move depends on uninitialised value(s)
==111302==    at 0x4D08089: __printf_fp_l (printf_fp.c:437)
==111302==    by 0x4D239AC: __printf_fp_spec (vfprintf-internal.c:354)
==111302==    by 0x4D239AC: __vfprintf_internal (vfprintf-internal.c:1558)
==111302==    by 0x4D0D81E: printf (printf.c:33)
==111302==    by 0x10A5ED: calculateAveragePerCoursePerLayer (operations.c:249)
==111302==    by 0x109863: main (main.c:127)
==111302==    by 0x4CD6D8F: __libc_start_call_main (libc_start_call_main.h:58)
==111302==    by 0x4CD6E3F: __libc_start_main@@GLIBC_2.34 (libc-start.c:392)
==111302==    by 0x1093E4: _start (in /home/samah/Desktop/exellenteam/School/checkpoint-Samah-00/main)
==111302==    by 0x1FFEFFFFD7: ???
==111302==    by 0x1B: ???
==111302== 
==111302== Use of uninitialised value of size 8
==111302==    at 0x4D08954: __printf_fp_l (printf_fp.c:437)
==111302==    by 0x4D239AC: __printf_fp_spec (vfprintf-internal.c:354)
==111302==    by 0x4D239AC: __vfprintf_internal (vfprintf-internal.c:1558)
==111302==    by 0x4D0D81E: printf (printf.c:33)
==111302==    by 0x10A5ED: calculateAveragePerCoursePerLayer (operations.c:249)
==111302==    by 0x109863: main (main.c:127)
==111302==    by 0x4CD6D8F: __libc_start_call_main (libc_start_call_main.h:58)
==111302==    by 0x4CD6E3F: __libc_start_main@@GLIBC_2.34 (libc-start.c:392)
==111302==    by 0x1093E4: _start (in /home/samah/Desktop/exellenteam/School/checkpoint-Samah-00/main)
==111302==    by 0x1FFEFFFFD7: ???
==111302==    by 0x1B: ???
==111302== 
==111302== Conditional jump or move depends on uninitialised value(s)
==111302==    at 0x4D080B9: __printf_fp_l (printf_fp.c:438)
==111302==    by 0x4D239AC: __printf_fp_spec (vfprintf-internal.c:354)
==111302==    by 0x4D239AC: __vfprintf_internal (vfprintf-internal.c:1558)
==111302==    by 0x4D0D81E: printf (printf.c:33)
==111302==    by 0x10A5ED: calculateAveragePerCoursePerLayer (operations.c:249)
==111302==    by 0x109863: main (main.c:127)
==111302==    by 0x4CD6D8F: __libc_start_call_main (libc_start_call_main.h:58)
==111302==    by 0x4CD6E3F: __libc_start_main@@GLIBC_2.34 (libc-start.c:392)
==111302==    by 0x1093E4: _start (in /home/samah/Desktop/exellenteam/School/checkpoint-Samah-00/main)
==111302==    by 0x1FFEFFFFD7: ???
==111302==    by 0x1B: ???
==111302== 
==111302== Conditional jump or move depends on uninitialised value(s)
==111302==    at 0x4D080DC: __printf_fp_l (printf_fp.c:438)
==111302==    by 0x4D239AC: __printf_fp_spec (vfprintf-internal.c:354)
==111302==    by 0x4D239AC: __vfprintf_internal (vfprintf-internal.c:1558)
==111302==    by 0x4D0D81E: printf (printf.c:33)
==111302==    by 0x10A5ED: calculateAveragePerCoursePerLayer (operations.c:249)
==111302==    by 0x109863: main (main.c:127)
==111302==    by 0x4CD6D8F: __libc_start_call_main (libc_start_call_main.h:58)
==111302==    by 0x4CD6E3F: __libc_start_main@@GLIBC_2.34 (libc-start.c:392)
==111302==    by 0x1093E4: _start (in /home/samah/Desktop/exellenteam/School/checkpoint-Samah-00/main)
==111302==    by 0x1FFEFFFFD7: ???
==111302==    by 0x1B: ???
==111302== 
==111302== Use of uninitialised value of size 8
==111302==    at 0x4D080DE: __printf_fp_l (printf_fp.c:438)
==111302==    by 0x4D239AC: __printf_fp_spec (vfprintf-internal.c:354)
==111302==    by 0x4D239AC: __vfprintf_internal (vfprintf-internal.c:1558)
==111302==    by 0x4D0D81E: printf (printf.c:33)
==111302==    by 0x10A5ED: calculateAveragePerCoursePerLayer (operations.c:249)
==111302==    by 0x109863: main (main.c:127)
==111302==    by 0x4CD6D8F: __libc_start_call_main (libc_start_call_main.h:58)
==111302==    by 0x4CD6E3F: __libc_start_main@@GLIBC_2.34 (libc-start.c:392)
==111302==    by 0x1093E4: _start (in /home/samah/Desktop/exellenteam/School/checkpoint-Samah-00/main)
==111302==    by 0x1FFEFFFFD7: ???
==111302==    by 0x1B: ???
==111302== 
==111302== Conditional jump or move depends on uninitialised value(s)
==111302==    at 0x4D08107: __printf_fp_l (printf_fp.c:439)
==111302==    by 0x4D239AC: __printf_fp_spec (vfprintf-internal.c:354)
==111302==    by 0x4D239AC: __vfprintf_internal (vfprintf-internal.c:1558)
==111302==    by 0x4D0D81E: printf (printf.c:33)
==111302==    by 0x10A5ED: calculateAveragePerCoursePerLayer (operations.c:249)
==111302==    by 0x109863: main (main.c:127)
==111302==    by 0x4CD6D8F: __libc_start_call_main (libc_start_call_main.h:58)
==111302==    by 0x4CD6E3F: __libc_start_main@@GLIBC_2.34 (libc-start.c:392)
==111302==    by 0x1093E4: _start (in /home/samah/Desktop/exellenteam/School/checkpoint-Samah-00/main)
==111302==    by 0x1FFEFFFFD7: ???
==111302==    by 0x1B: ???
==111302== 
==111302== Conditional jump or move depends on uninitialised value(s)
==111302==    at 0x4D0812C: __printf_fp_l (printf_fp.c:439)
==111302==    by 0x4D239AC: __printf_fp_spec (vfprintf-internal.c:354)
==111302==    by 0x4D239AC: __vfprintf_internal (vfprintf-internal.c:1558)
==111302==    by 0x4D0D81E: printf (printf.c:33)
==111302==    by 0x10A5ED: calculateAveragePerCoursePerLayer (operations.c:249)
==111302==    by 0x109863: main (main.c:127)
==111302==    by 0x4CD6D8F: __libc_start_call_main (libc_start_call_main.h:58)
==111302==    by 0x4CD6E3F: __libc_start_main@@GLIBC_2.34 (libc-start.c:392)
==111302==    by 0x1093E4: _start (in /home/samah/Desktop/exellenteam/School/checkpoint-Samah-00/main)
==111302==    by 0x1FFEFFFFD7: ???
==111302==    by 0x1B: ???
==111302== 
==111302== Use of uninitialised value of size 8
==111302==    at 0x4D0812E: __printf_fp_l (printf_fp.c:439)
==111302==    by 0x4D239AC: __printf_fp_spec (vfprintf-internal.c:354)
==111302==    by 0x4D239AC: __vfprintf_internal (vfprintf-internal.c:1558)
==111302==    by 0x4D0D81E: printf (printf.c:33)
==111302==    by 0x10A5ED: calculateAveragePerCoursePerLayer (operations.c:249)
==111302==    by 0x109863: main (main.c:127)
==111302==    by 0x4CD6D8F: __libc_start_call_main (libc_start_call_main.h:58)
==111302==    by 0x4CD6E3F: __libc_start_main@@GLIBC_2.34 (libc-start.c:392)
==111302==    by 0x1093E4: _start (in /home/samah/Desktop/exellenteam/School/checkpoint-Samah-00/main)
==111302==    by 0x1FFEFFFFD7: ???
==111302==    by 0x1B: ???
==111302== 
==111302== Conditional jump or move depends on uninitialised value(s)
==111302==    at 0x4D0814C: __printf_fp_l (printf_fp.c:446)
==111302==    by 0x4D239AC: __printf_fp_spec (vfprintf-internal.c:354)
==111302==    by 0x4D239AC: __vfprintf_internal (vfprintf-internal.c:1558)
==111302==    by 0x4D0D81E: printf (printf.c:33)
==111302==    by 0x10A5ED: calculateAveragePerCoursePerLayer (operations.c:249)
==111302==    by 0x109863: main (main.c:127)
==111302==    by 0x4CD6D8F: __libc_start_call_main (libc_start_call_main.h:58)
==111302==    by 0x4CD6E3F: __libc_start_main@@GLIBC_2.34 (libc-start.c:392)
==111302==    by 0x1093E4: _start (in /home/samah/Desktop/exellenteam/School/checkpoint-Samah-00/main)
==111302==    by 0x1FFEFFFFD7: ???
==111302==    by 0x1B: ???
==111302== 
==111302== Conditional jump or move depends on uninitialised value(s)
==111302==    at 0x4D091ED: __printf_fp_l (printf_fp.c:649)
==111302==    by 0x4D239AC: __printf_fp_spec (vfprintf-internal.c:354)
==111302==    by 0x4D239AC: __vfprintf_internal (vfprintf-internal.c:1558)
==111302==    by 0x4D0D81E: printf (printf.c:33)
==111302==    by 0x10A5ED: calculateAveragePerCoursePerLayer (operations.c:249)
==111302==    by 0x109863: main (main.c:127)
==111302==    by 0x4CD6D8F: __libc_start_call_main (libc_start_call_main.h:58)
==111302==    by 0x4CD6E3F: __libc_start_main@@GLIBC_2.34 (libc-start.c:392)
==111302==    by 0x1093E4: _start (in /home/samah/Desktop/exellenteam/School/checkpoint-Samah-00/main)
==111302==    by 0x1FFEFFFFD7: ???
==111302==    by 0x1B: ???
==111302== 
==111302== Use of uninitialised value of size 8
==111302==    at 0x4D094DE: __printf_fp_l (printf_fp.c:665)
==111302==    by 0x4D239AC: __printf_fp_spec (vfprintf-internal.c:354)
==111302==    by 0x4D239AC: __vfprintf_internal (vfprintf-internal.c:1558)
==111302==    by 0x4D0D81E: printf (printf.c:33)
==111302==    by 0x10A5ED: calculateAveragePerCoursePerLayer (operations.c:249)
==111302==    by 0x109863: main (main.c:127)
==111302==    by 0x4CD6D8F: __libc_start_call_main (libc_start_call_main.h:58)
==111302==    by 0x4CD6E3F: __libc_start_main@@GLIBC_2.34 (libc-start.c:392)
==111302==    by 0x1093E4: _start (in /home/samah/Desktop/exellenteam/School/checkpoint-Samah-00/main)
==111302==    by 0x1FFEFFFFD7: ???
==111302==    by 0x1B: ???
==111302== 
==111302== Use of uninitialised value of size 8
==111302==    at 0x4D01DBC: __mpn_lshift (lshift.S:59)
==111302==    by 0x4D094E2: __printf_fp_l (printf_fp.c:665)
==111302==    by 0x4D239AC: __printf_fp_spec (vfprintf-internal.c:354)
==111302==    by 0x4D239AC: __vfprintf_internal (vfprintf-internal.c:1558)
==111302==    by 0x4D0D81E: printf (printf.c:33)
==111302==    by 0x10A5ED: calculateAveragePerCoursePerLayer (operations.c:249)
==111302==    by 0x109863: main (main.c:127)
==111302==    by 0x4CD6D8F: __libc_start_call_main (libc_start_call_main.h:58)
==111302==    by 0x4CD6E3F: __libc_start_main@@GLIBC_2.34 (libc-start.c:392)
==111302==    by 0x1093E4: _start (in /home/samah/Desktop/exellenteam/School/checkpoint-Samah-00/main)
==111302==    by 0x1FFEFFFFD7: ???
==111302==    by 0x1B: ???
==111302== 
==111302== Use of uninitialised value of size 8
==111302==    at 0x4D01DBF: __mpn_lshift (lshift.S:60)
==111302==    by 0x4D094E2: __printf_fp_l (printf_fp.c:665)
==111302==    by 0x4D239AC: __printf_fp_spec (vfprintf-internal.c:354)
==111302==    by 0x4D239AC: __vfprintf_internal (vfprintf-internal.c:1558)
==111302==    by 0x4D0D81E: printf (printf.c:33)
==111302==    by 0x10A5ED: calculateAveragePerCoursePerLayer (operations.c:249)
==111302==    by 0x109863: main (main.c:127)
==111302==    by 0x4CD6D8F: __libc_start_call_main (libc_start_call_main.h:58)
==111302==    by 0x4CD6E3F: __libc_start_main@@GLIBC_2.34 (libc-start.c:392)
==111302==    by 0x1093E4: _start (in /home/samah/Desktop/exellenteam/School/checkpoint-Samah-00/main)
==111302==    by 0x1FFEFFFFD7: ???
==111302==    by 0x1B: ???
==111302== 
==111302== Use of uninitialised value of size 8
==111302==    at 0x4D0951F: __printf_fp_l (printf_fp.c:666)
==111302==    by 0x4D239AC: __printf_fp_spec (vfprintf-internal.c:354)
==111302==    by 0x4D239AC: __vfprintf_internal (vfprintf-internal.c:1558)
==111302==    by 0x4D0D81E: printf (printf.c:33)
==111302==    by 0x10A5ED: calculateAveragePerCoursePerLayer (operations.c:249)
==111302==    by 0x109863: main (main.c:127)
==111302==    by 0x4CD6D8F: __libc_start_call_main (libc_start_call_main.h:58)
==111302==    by 0x4CD6E3F: __libc_start_main@@GLIBC_2.34 (libc-start.c:392)
==111302==    by 0x1093E4: _start (in /home/samah/Desktop/exellenteam/School/checkpoint-Samah-00/main)
==111302==    by 0x1FFEFFFFD7: ???
==111302==    by 0x1B: ???
==111302== 
==111302== Conditional jump or move depends on uninitialised value(s)
==111302==    at 0x4D095E4: __printf_fp_l (printf_fp.c:677)
==111302==    by 0x4D239AC: __printf_fp_spec (vfprintf-internal.c:354)
==111302==    by 0x4D239AC: __vfprintf_internal (vfprintf-internal.c:1558)
==111302==    by 0x4D0D81E: printf (printf.c:33)
==111302==    by 0x10A5ED: calculateAveragePerCoursePerLayer (operations.c:249)
==111302==    by 0x109863: main (main.c:127)
==111302==    by 0x4CD6D8F: __libc_start_call_main (libc_start_call_main.h:58)
==111302==    by 0x4CD6E3F: __libc_start_main@@GLIBC_2.34 (libc-start.c:392)
==111302==    by 0x1093E4: _start (in /home/samah/Desktop/exellenteam/School/checkpoint-Samah-00/main)
==111302==    by 0x1FFEFFFFD7: ???
==111302==    by 0x1B: ???
==111302== 
==111302== Conditional jump or move depends on uninitialised value(s)
==111302==    at 0x4D095D7: __printf_fp_l (printf_fp.c:789)
==111302==    by 0x4D239AC: __printf_fp_spec (vfprintf-internal.c:354)
==111302==    by 0x4D239AC: __vfprintf_internal (vfprintf-internal.c:1558)
==111302==    by 0x4D0D81E: printf (printf.c:33)
==111302==    by 0x10A5ED: calculateAveragePerCoursePerLayer (operations.c:249)
==111302==    by 0x109863: main (main.c:127)
==111302==    by 0x4CD6D8F: __libc_start_call_main (libc_start_call_main.h:58)
==111302==    by 0x4CD6E3F: __libc_start_main@@GLIBC_2.34 (libc-start.c:392)
==111302==    by 0x1093E4: _start (in /home/samah/Desktop/exellenteam/School/checkpoint-Samah-00/main)
==111302==    by 0x1FFEFFFFD7: ???
==111302==    by 0x1B: ???
==111302== 
==111302== Use of uninitialised value of size 8
==111302==    at 0x4D02478: __mpn_mul_1 (mul_1.S:36)
==111302==    by 0x4D0223C: __mpn_mul (mul.c:81)
==111302==    by 0x4D09622: __printf_fp_l (printf_fp.c:690)
==111302==    by 0x4D239AC: __printf_fp_spec (vfprintf-internal.c:354)
==111302==    by 0x4D239AC: __vfprintf_internal (vfprintf-internal.c:1558)
==111302==    by 0x4D0D81E: printf (printf.c:33)
==111302==    by 0x10A5ED: calculateAveragePerCoursePerLayer (operations.c:249)
==111302==    by 0x109863: main (main.c:127)
==111302==    by 0x4CD6D8F: __libc_start_call_main (libc_start_call_main.h:58)
==111302==    by 0x4CD6E3F: __libc_start_main@@GLIBC_2.34 (libc-start.c:392)
==111302==    by 0x1093E4: _start (in /home/samah/Desktop/exellenteam/School/checkpoint-Samah-00/main)
==111302==    by 0x1FFEFFFFD7: ???
==111302==    by 0x1B: ???
==111302== 
==111302== Use of uninitialised value of size 8
==111302==    at 0x4D02503: __mpn_mul_1 (mul_1.S:85)
==111302==    by 0x4D0223C: __mpn_mul (mul.c:81)
==111302==    by 0x4D09622: __printf_fp_l (printf_fp.c:690)
==111302==    by 0x4D239AC: __printf_fp_spec (vfprintf-internal.c:354)
==111302==    by 0x4D239AC: __vfprintf_internal (vfprintf-internal.c:1558)
==111302==    by 0x4D0D81E: printf (printf.c:33)
==111302==    by 0x10A5ED: calculateAveragePerCoursePerLayer (operations.c:249)
==111302==    by 0x109863: main (main.c:127)
==111302==    by 0x4CD6D8F: __libc_start_call_main (libc_start_call_main.h:58)
==111302==    by 0x4CD6E3F: __libc_start_main@@GLIBC_2.34 (libc-start.c:392)
==111302==    by 0x1093E4: _start (in /home/samah/Desktop/exellenteam/School/checkpoint-Samah-00/main)
==111302==    by 0x1FFEFFFFD7: ???
==111302==    by 0x1B: ???
==111302== 
==111302== Use of uninitialised value of size 8
==111302==    at 0x4D02572: __mpn_mul_1 (mul_1.S:117)
==111302==    by 0x4D0223C: __mpn_mul (mul.c:81)
==111302==    by 0x4D09622: __printf_fp_l (printf_fp.c:690)
==111302==    by 0x4D239AC: __printf_fp_spec (vfprintf-internal.c:354)
==111302==    by 0x4D239AC: __vfprintf_internal (vfprintf-internal.c:1558)
==111302==    by 0x4D0D81E: printf (printf.c:33)
==111302==    by 0x10A5ED: calculateAveragePerCoursePerLayer (operations.c:249)
==111302==    by 0x109863: main (main.c:127)
==111302==    by 0x4CD6D8F: __libc_start_call_main (libc_start_call_main.h:58)
==111302==    by 0x4CD6E3F: __libc_start_main@@GLIBC_2.34 (libc-start.c:392)
==111302==    by 0x1093E4: _start (in /home/samah/Desktop/exellenteam/School/checkpoint-Samah-00/main)
==111302==    by 0x1FFEFFFFD7: ???
==111302==    by 0x1B: ???
==111302== 
==111302== Use of uninitialised value of size 8
==111302==    at 0x4D02249: __mpn_mul (mul.c:83)
==111302==    by 0x4D09622: __printf_fp_l (printf_fp.c:690)
==111302==    by 0x4D239AC: __printf_fp_spec (vfprintf-internal.c:354)
==111302==    by 0x4D239AC: __vfprintf_internal (vfprintf-internal.c:1558)
==111302==    by 0x4D0D81E: printf (printf.c:33)
==111302==    by 0x10A5ED: calculateAveragePerCoursePerLayer (operations.c:249)
==111302==    by 0x109863: main (main.c:127)
==111302==    by 0x4CD6D8F: __libc_start_call_main (libc_start_call_main.h:58)
==111302==    by 0x4CD6E3F: __libc_start_main@@GLIBC_2.34 (libc-start.c:392)
==111302==    by 0x1093E4: _start (in /home/samah/Desktop/exellenteam/School/checkpoint-Samah-00/main)
==111302==    by 0x1FFEFFFFD7: ???
==111302==    by 0x1B: ???
==111302== 
==111302== Conditional jump or move depends on uninitialised value(s)
==111302==    at 0x4D09564: __printf_fp_l (printf_fp.c:694)
==111302==    by 0x4D239AC: __printf_fp_spec (vfprintf-internal.c:354)
==111302==    by 0x4D239AC: __vfprintf_internal (vfprintf-internal.c:1558)
==111302==    by 0x4D0D81E: printf (printf.c:33)
==111302==    by 0x10A5ED: calculateAveragePerCoursePerLayer (operations.c:249)
==111302==    by 0x109863: main (main.c:127)
==111302==    by 0x4CD6D8F: __libc_start_call_main (libc_start_call_main.h:58)
==111302==    by 0x4CD6E3F: __libc_start_main@@GLIBC_2.34 (libc-start.c:392)
==111302==    by 0x1093E4: _start (in /home/samah/Desktop/exellenteam/School/checkpoint-Samah-00/main)
==111302==    by 0x1FFEFFFFD7: ???
==111302==    by 0x1B: ???
==111302== 
==111302== Use of uninitialised value of size 8
==111302==    at 0x4D09586: __printf_fp_l (printf_fp.c:697)
==111302==    by 0x4D239AC: __printf_fp_spec (vfprintf-internal.c:354)
==111302==    by 0x4D239AC: __vfprintf_internal (vfprintf-internal.c:1558)
==111302==    by 0x4D0D81E: printf (printf.c:33)
==111302==    by 0x10A5ED: calculateAveragePerCoursePerLayer (operations.c:249)
==111302==    by 0x109863: main (main.c:127)
==111302==    by 0x4CD6D8F: __libc_start_call_main (libc_start_call_main.h:58)
==111302==    by 0x4CD6E3F: __libc_start_main@@GLIBC_2.34 (libc-start.c:392)
==111302==    by 0x1093E4: _start (in /home/samah/Desktop/exellenteam/School/checkpoint-Samah-00/main)
==111302==    by 0x1FFEFFFFD7: ???
==111302==    by 0x1B: ???
==111302== 
==111302== Conditional jump or move depends on uninitialised value(s)
==111302==    at 0x4D095AF: __printf_fp_l (printf_fp.c:706)
==111302==    by 0x4D239AC: __printf_fp_spec (vfprintf-internal.c:354)
==111302==    by 0x4D239AC: __vfprintf_internal (vfprintf-internal.c:1558)
==111302==    by 0x4D0D81E: printf (printf.c:33)
==111302==    by 0x10A5ED: calculateAveragePerCoursePerLayer (operations.c:249)
==111302==    by 0x109863: main (main.c:127)
==111302==    by 0x4CD6D8F: __libc_start_call_main (libc_start_call_main.h:58)
==111302==    by 0x4CD6E3F: __libc_start_main@@GLIBC_2.34 (libc-start.c:392)
==111302==    by 0x1093E4: _start (in /home/samah/Desktop/exellenteam/School/checkpoint-Samah-00/main)
==111302==    by 0x1FFEFFFFD7: ???
==111302==    by 0x1B: ???
==111302== 
==111302== Conditional jump or move depends on uninitialised value(s)
==111302==    at 0x4D096FB: __printf_fp_l (printf_fp.c:708)
==111302==    by 0x4D239AC: __printf_fp_spec (vfprintf-internal.c:354)
==111302==    by 0x4D239AC: __vfprintf_internal (vfprintf-internal.c:1558)
==111302==    by 0x4D0D81E: printf (printf.c:33)
==111302==    by 0x10A5ED: calculateAveragePerCoursePerLayer (operations.c:249)
==111302==    by 0x109863: main (main.c:127)
==111302==    by 0x4CD6D8F: __libc_start_call_main (libc_start_call_main.h:58)
==111302==    by 0x4CD6E3F: __libc_start_main@@GLIBC_2.34 (libc-start.c:392)
==111302==    by 0x1093E4: _start (in /home/samah/Desktop/exellenteam/School/checkpoint-Samah-00/main)
==111302==    by 0x1FFEFFFFD7: ???
==111302==    by 0x1B: ???
==111302== 
==111302== Conditional jump or move depends on uninitialised value(s)
==111302==    at 0x4D09726: __printf_fp_l (printf_fp.c:728)
==111302==    by 0x4D239AC: __printf_fp_spec (vfprintf-internal.c:354)
==111302==    by 0x4D239AC: __vfprintf_internal (vfprintf-internal.c:1558)
==111302==    by 0x4D0D81E: printf (printf.c:33)
==111302==    by 0x10A5ED: calculateAveragePerCoursePerLayer (operations.c:249)
==111302==    by 0x109863: main (main.c:127)
==111302==    by 0x4CD6D8F: __libc_start_call_main (libc_start_call_main.h:58)
==111302==    by 0x4CD6E3F: __libc_start_main@@GLIBC_2.34 (libc-start.c:392)
==111302==    by 0x1093E4: _start (in /home/samah/Desktop/exellenteam/School/checkpoint-Samah-00/main)
==111302==    by 0x1FFEFFFFD7: ???
==111302==    by 0x1B: ???
==111302== 
==111302== Use of uninitialised value of size 8
==111302==    at 0x4D0972C: __printf_fp_l (printf_fp.c:730)
==111302==    by 0x4D239AC: __printf_fp_spec (vfprintf-internal.c:354)
==111302==    by 0x4D239AC: __vfprintf_internal (vfprintf-internal.c:1558)
==111302==    by 0x4D0D81E: printf (printf.c:33)
==111302==    by 0x10A5ED: calculateAveragePerCoursePerLayer (operations.c:249)
==111302==    by 0x109863: main (main.c:127)
==111302==    by 0x4CD6D8F: __libc_start_call_main (libc_start_call_main.h:58)
==111302==    by 0x4CD6E3F: __libc_start_main@@GLIBC_2.34 (libc-start.c:392)
==111302==    by 0x1093E4: _start (in /home/samah/Desktop/exellenteam/School/checkpoint-Samah-00/main)
==111302==    by 0x1FFEFFFFD7: ???
==111302==    by 0x1B: ???
==111302== 
==111302== Conditional jump or move depends on uninitialised value(s)
==111302==    at 0x4D0972F: __printf_fp_l (printf_fp.c:730)
==111302==    by 0x4D239AC: __printf_fp_spec (vfprintf-internal.c:354)
==111302==    by 0x4D239AC: __vfprintf_internal (vfprintf-internal.c:1558)
==111302==    by 0x4D0D81E: printf (printf.c:33)
==111302==    by 0x10A5ED: calculateAveragePerCoursePerLayer (operations.c:249)
==111302==    by 0x109863: main (main.c:127)
==111302==    by 0x4CD6D8F: __libc_start_call_main (libc_start_call_main.h:58)
==111302==    by 0x4CD6E3F: __libc_start_main@@GLIBC_2.34 (libc-start.c:392)
==111302==    by 0x1093E4: _start (in /home/samah/Desktop/exellenteam/School/checkpoint-Samah-00/main)
==111302==    by 0x1FFEFFFFD7: ???
==111302==    by 0x1B: ???
==111302== 
==111302== Conditional jump or move depends on uninitialised value(s)
==111302==    at 0x4D09735: __printf_fp_l (printf_fp.c:731)
==111302==    by 0x4D239AC: __printf_fp_spec (vfprintf-internal.c:354)
==111302==    by 0x4D239AC: __vfprintf_internal (vfprintf-internal.c:1558)
==111302==    by 0x4D0D81E: printf (printf.c:33)
==111302==    by 0x10A5ED: calculateAveragePerCoursePerLayer (operations.c:249)
==111302==    by 0x109863: main (main.c:127)
==111302==    by 0x4CD6D8F: __libc_start_call_main (libc_start_call_main.h:58)
==111302==    by 0x4CD6E3F: __libc_start_main@@GLIBC_2.34 (libc-start.c:392)
==111302==    by 0x1093E4: _start (in /home/samah/Desktop/exellenteam/School/checkpoint-Samah-00/main)
==111302==    by 0x1FFEFFFFD7: ???
==111302==    by 0x1B: ???
==111302== 
==111302== Conditional jump or move depends on uninitialised value(s)
==111302==    at 0x4D095BB: __printf_fp_l (printf_fp.c:728)
==111302==    by 0x4D239AC: __printf_fp_spec (vfprintf-internal.c:354)
==111302==    by 0x4D239AC: __vfprintf_internal (vfprintf-internal.c:1558)
==111302==    by 0x4D0D81E: printf (printf.c:33)
==111302==    by 0x10A5ED: calculateAveragePerCoursePerLayer (operations.c:249)
==111302==    by 0x109863: main (main.c:127)
==111302==    by 0x4CD6D8F: __libc_start_call_main (libc_start_call_main.h:58)
==111302==    by 0x4CD6E3F: __libc_start_main@@GLIBC_2.34 (libc-start.c:392)
==111302==    by 0x1093E4: _start (in /home/samah/Desktop/exellenteam/School/checkpoint-Samah-00/main)
==111302==    by 0x1FFEFFFFD7: ???
==111302==    by 0x1B: ???
==111302== 
==111302== Use of uninitialised value of size 8
==111302==    at 0x4D0966C: __printf_fp_l (printf_fp.c:745)
==111302==    by 0x4D239AC: __printf_fp_spec (vfprintf-internal.c:354)
==111302==    by 0x4D239AC: __vfprintf_internal (vfprintf-internal.c:1558)
==111302==    by 0x4D0D81E: printf (printf.c:33)
==111302==    by 0x10A5ED: calculateAveragePerCoursePerLayer (operations.c:249)
==111302==    by 0x109863: main (main.c:127)
==111302==    by 0x4CD6D8F: __libc_start_call_main (libc_start_call_main.h:58)
==111302==    by 0x4CD6E3F: __libc_start_main@@GLIBC_2.34 (libc-start.c:392)
==111302==    by 0x1093E4: _start (in /home/samah/Desktop/exellenteam/School/checkpoint-Samah-00/main)
==111302==    by 0x1FFEFFFFD7: ???
==111302==    by 0x1B: ???
==111302== 
==111302== Conditional jump or move depends on uninitialised value(s)
==111302==    at 0x4D09672: __printf_fp_l (printf_fp.c:745)
==111302==    by 0x4D239AC: __printf_fp_spec (vfprintf-internal.c:354)
==111302==    by 0x4D239AC: __vfprintf_internal (vfprintf-internal.c:1558)
==111302==    by 0x4D0D81E: printf (printf.c:33)
==111302==    by 0x10A5ED: calculateAveragePerCoursePerLayer (operations.c:249)
==111302==    by 0x109863: main (main.c:127)
==111302==    by 0x4CD6D8F: __libc_start_call_main (libc_start_call_main.h:58)
==111302==    by 0x4CD6E3F: __libc_start_main@@GLIBC_2.34 (libc-start.c:392)
==111302==    by 0x1093E4: _start (in /home/samah/Desktop/exellenteam/School/checkpoint-Samah-00/main)
==111302==    by 0x1FFEFFFFD7: ???
==111302==    by 0x1B: ???
==111302== 
==111302== Conditional jump or move depends on uninitialised value(s)
==111302==    at 0x4D0A212: __printf_fp_l (printf_fp.c:746)
==111302==    by 0x4D239AC: __printf_fp_spec (vfprintf-internal.c:354)
==111302==    by 0x4D239AC: __vfprintf_internal (vfprintf-internal.c:1558)
==111302==    by 0x4D0D81E: printf (printf.c:33)
==111302==    by 0x10A5ED: calculateAveragePerCoursePerLayer (operations.c:249)
==111302==    by 0x109863: main (main.c:127)
==111302==    by 0x4CD6D8F: __libc_start_call_main (libc_start_call_main.h:58)
==111302==    by 0x4CD6E3F: __libc_start_main@@GLIBC_2.34 (libc-start.c:392)
==111302==    by 0x1093E4: _start (in /home/samah/Desktop/exellenteam/School/checkpoint-Samah-00/main)
==111302==    by 0x1FFEFFFFD7: ???
==111302==    by 0x1B: ???
==111302== 
==111302== Conditional jump or move depends on uninitialised value(s)
==111302==    at 0x4D0A227: __printf_fp_l (printf_fp.c:756)
==111302==    by 0x4D239AC: __printf_fp_spec (vfprintf-internal.c:354)
==111302==    by 0x4D239AC: __vfprintf_internal (vfprintf-internal.c:1558)
==111302==    by 0x4D0D81E: printf (printf.c:33)
==111302==    by 0x10A5ED: calculateAveragePerCoursePerLayer (operations.c:249)
==111302==    by 0x109863: main (main.c:127)
==111302==    by 0x4CD6D8F: __libc_start_call_main (libc_start_call_main.h:58)
==111302==    by 0x4CD6E3F: __libc_start_main@@GLIBC_2.34 (libc-start.c:392)
==111302==    by 0x1093E4: _start (in /home/samah/Desktop/exellenteam/School/checkpoint-Samah-00/main)
==111302==    by 0x1FFEFFFFD7: ???
==111302==    by 0x1B: ???
==111302== 
==111302== Use of uninitialised value of size 8
==111302==    at 0x4D01EDC: __mpn_rshift (rshift.S:62)
==111302==    by 0x4D09CDD: __printf_fp_l (printf_fp.c:779)
==111302==    by 0x4D239AC: __printf_fp_spec (vfprintf-internal.c:354)
==111302==    by 0x4D239AC: __vfprintf_internal (vfprintf-internal.c:1558)
==111302==    by 0x4D0D81E: printf (printf.c:33)
==111302==    by 0x10A5ED: calculateAveragePerCoursePerLayer (operations.c:249)
==111302==    by 0x109863: main (main.c:127)
==111302==    by 0x4CD6D8F: __libc_start_call_main (libc_start_call_main.h:58)
==111302==    by 0x4CD6E3F: __libc_start_main@@GLIBC_2.34 (libc-start.c:392)
==111302==    by 0x1093E4: _start (in /home/samah/Desktop/exellenteam/School/checkpoint-Samah-00/main)
==111302==    by 0x1FFEFFFFD7: ???
==111302==    by 0x1B: ???
==111302== 
==111302== Use of uninitialised value of size 8
==111302==    at 0x4D01F01: __mpn_rshift (rshift.S:73)
==111302==    by 0x4D09CDD: __printf_fp_l (printf_fp.c:779)
==111302==    by 0x4D239AC: __printf_fp_spec (vfprintf-internal.c:354)
==111302==    by 0x4D239AC: __vfprintf_internal (vfprintf-internal.c:1558)
==111302==    by 0x4D0D81E: printf (printf.c:33)
==111302==    by 0x10A5ED: calculateAveragePerCoursePerLayer (operations.c:249)
==111302==    by 0x109863: main (main.c:127)
==111302==    by 0x4CD6D8F: __libc_start_call_main (libc_start_call_main.h:58)
==111302==    by 0x4CD6E3F: __libc_start_main@@GLIBC_2.34 (libc-start.c:392)
==111302==    by 0x1093E4: _start (in /home/samah/Desktop/exellenteam/School/checkpoint-Samah-00/main)
==111302==    by 0x1FFEFFFFD7: ???
==111302==    by 0x1B: ???
==111302== 
==111302== Conditional jump or move depends on uninitialised value(s)
==111302==    at 0x4D09B5C: __printf_fp_l (printf_fp.c:791)
==111302==    by 0x4D239AC: __printf_fp_spec (vfprintf-internal.c:354)
==111302==    by 0x4D239AC: __vfprintf_internal (vfprintf-internal.c:1558)
==111302==    by 0x4D0D81E: printf (printf.c:33)
==111302==    by 0x10A5ED: calculateAveragePerCoursePerLayer (operations.c:249)
==111302==    by 0x109863: main (main.c:127)
==111302==    by 0x4CD6D8F: __libc_start_call_main (libc_start_call_main.h:58)
==111302==    by 0x4CD6E3F: __libc_start_main@@GLIBC_2.34 (libc-start.c:392)
==111302==    by 0x1093E4: _start (in /home/samah/Desktop/exellenteam/School/checkpoint-Samah-00/main)
==111302==    by 0x1FFEFFFFD7: ???
==111302==    by 0x1B: ???
==111302== 
==111302== Use of uninitialised value of size 8
==111302==    at 0x4D02478: __mpn_mul_1 (mul_1.S:36)
==111302==    by 0x4D09B7D: __printf_fp_l (printf_fp.c:795)
==111302==    by 0x4D239AC: __printf_fp_spec (vfprintf-internal.c:354)
==111302==    by 0x4D239AC: __vfprintf_internal (vfprintf-internal.c:1558)
==111302==    by 0x4D0D81E: printf (printf.c:33)
==111302==    by 0x10A5ED: calculateAveragePerCoursePerLayer (operations.c:249)
==111302==    by 0x109863: main (main.c:127)
==111302==    by 0x4CD6D8F: __libc_start_call_main (libc_start_call_main.h:58)
==111302==    by 0x4CD6E3F: __libc_start_main@@GLIBC_2.34 (libc-start.c:392)
==111302==    by 0x1093E4: _start (in /home/samah/Desktop/exellenteam/School/checkpoint-Samah-00/main)
==111302==    by 0x1FFEFFFFD7: ???
==111302==    by 0x1B: ???
==111302== 
==111302== Use of uninitialised value of size 8
==111302==    at 0x4D02503: __mpn_mul_1 (mul_1.S:85)
==111302==    by 0x4D09B7D: __printf_fp_l (printf_fp.c:795)
==111302==    by 0x4D239AC: __printf_fp_spec (vfprintf-internal.c:354)
==111302==    by 0x4D239AC: __vfprintf_internal (vfprintf-internal.c:1558)
==111302==    by 0x4D0D81E: printf (printf.c:33)
==111302==    by 0x10A5ED: calculateAveragePerCoursePerLayer (operations.c:249)
==111302==    by 0x109863: main (main.c:127)
==111302==    by 0x4CD6D8F: __libc_start_call_main (libc_start_call_main.h:58)
==111302==    by 0x4CD6E3F: __libc_start_main@@GLIBC_2.34 (libc-start.c:392)
==111302==    by 0x1093E4: _start (in /home/samah/Desktop/exellenteam/School/checkpoint-Samah-00/main)
==111302==    by 0x1FFEFFFFD7: ???
==111302==    by 0x1B: ???
==111302== 
==111302== Use of uninitialised value of size 8
==111302==    at 0x4D02572: __mpn_mul_1 (mul_1.S:117)
==111302==    by 0x4D09B7D: __printf_fp_l (printf_fp.c:795)
==111302==    by 0x4D239AC: __printf_fp_spec (vfprintf-internal.c:354)
==111302==    by 0x4D239AC: __vfprintf_internal (vfprintf-internal.c:1558)
==111302==    by 0x4D0D81E: printf (printf.c:33)
==111302==    by 0x10A5ED: calculateAveragePerCoursePerLayer (operations.c:249)
==111302==    by 0x109863: main (main.c:127)
==111302==    by 0x4CD6D8F: __libc_start_call_main (libc_start_call_main.h:58)
==111302==    by 0x4CD6E3F: __libc_start_main@@GLIBC_2.34 (libc-start.c:392)
==111302==    by 0x1093E4: _start (in /home/samah/Desktop/exellenteam/School/checkpoint-Samah-00/main)
==111302==    by 0x1FFEFFFFD7: ???
==111302==    by 0x1B: ???
==111302== 
==111302== Use of uninitialised value of size 8
==111302==    at 0x4D09B9C: __printf_fp_l (printf_fp.c:799)
==111302==    by 0x4D239AC: __printf_fp_spec (vfprintf-internal.c:354)
==111302==    by 0x4D239AC: __vfprintf_internal (vfprintf-internal.c:1558)
==111302==    by 0x4D0D81E: printf (printf.c:33)
==111302==    by 0x10A5ED: calculateAveragePerCoursePerLayer (operations.c:249)
==111302==    by 0x109863: main (main.c:127)
==111302==    by 0x4CD6D8F: __libc_start_call_main (libc_start_call_main.h:58)
==111302==    by 0x4CD6E3F: __libc_start_main@@GLIBC_2.34 (libc-start.c:392)
==111302==    by 0x1093E4: _start (in /home/samah/Desktop/exellenteam/School/checkpoint-Samah-00/main)
==111302==    by 0x1FFEFFFFD7: ???
==111302==    by 0x1B: ???
==111302== 
==111302== Conditional jump or move depends on uninitialised value(s)
==111302==    at 0x4D09BA8: __printf_fp_l (printf_fp.c:800)
==111302==    by 0x4D239AC: __printf_fp_spec (vfprintf-internal.c:354)
==111302==    by 0x4D239AC: __vfprintf_internal (vfprintf-internal.c:1558)
==111302==    by 0x4D0D81E: printf (printf.c:33)
==111302==    by 0x10A5ED: calculateAveragePerCoursePerLayer (operations.c:249)
==111302==    by 0x109863: main (main.c:127)
==111302==    by 0x4CD6D8F: __libc_start_call_main (libc_start_call_main.h:58)
==111302==    by 0x4CD6E3F: __libc_start_main@@GLIBC_2.34 (libc-start.c:392)
==111302==    by 0x1093E4: _start (in /home/samah/Desktop/exellenteam/School/checkpoint-Samah-00/main)
==111302==    by 0x1FFEFFFFD7: ???
==111302==    by 0x1B: ???
==111302== 
==111302== Use of uninitialised value of size 8
==111302==    at 0x4D01EDC: __mpn_rshift (rshift.S:62)
==111302==    by 0x4D0A160: __printf_fp_l (printf_fp.c:808)
==111302==    by 0x4D239AC: __printf_fp_spec (vfprintf-internal.c:354)
==111302==    by 0x4D239AC: __vfprintf_internal (vfprintf-internal.c:1558)
==111302==    by 0x4D0D81E: printf (printf.c:33)
==111302==    by 0x10A5ED: calculateAveragePerCoursePerLayer (operations.c:249)
==111302==    by 0x109863: main (main.c:127)
==111302==    by 0x4CD6D8F: __libc_start_call_main (libc_start_call_main.h:58)
==111302==    by 0x4CD6E3F: __libc_start_main@@GLIBC_2.34 (libc-start.c:392)
==111302==    by 0x1093E4: _start (in /home/samah/Desktop/exellenteam/School/checkpoint-Samah-00/main)
==111302==    by 0x1FFEFFFFD7: ???
==111302==    by 0x1B: ???
==111302== 
==111302== Use of uninitialised value of size 8
==111302==    at 0x4D01F01: __mpn_rshift (rshift.S:73)
==111302==    by 0x4D0A160: __printf_fp_l (printf_fp.c:808)
==111302==    by 0x4D239AC: __printf_fp_spec (vfprintf-internal.c:354)
==111302==    by 0x4D239AC: __vfprintf_internal (vfprintf-internal.c:1558)
==111302==    by 0x4D0D81E: printf (printf.c:33)
==111302==    by 0x10A5ED: calculateAveragePerCoursePerLayer (operations.c:249)
==111302==    by 0x109863: main (main.c:127)
==111302==    by 0x4CD6D8F: __libc_start_call_main (libc_start_call_main.h:58)
==111302==    by 0x4CD6E3F: __libc_start_main@@GLIBC_2.34 (libc-start.c:392)
==111302==    by 0x1093E4: _start (in /home/samah/Desktop/exellenteam/School/checkpoint-Samah-00/main)
==111302==    by 0x1FFEFFFFD7: ???
==111302==    by 0x1B: ???
==111302== 
==111302== Use of uninitialised value of size 8
==111302==    at 0x4D07609: hack_digit (printf_fp.c:177)
==111302==    by 0x4D08A1A: __printf_fp_l (printf_fp.c:979)
==111302==    by 0x4D239AC: __printf_fp_spec (vfprintf-internal.c:354)
==111302==    by 0x4D239AC: __vfprintf_internal (vfprintf-internal.c:1558)
==111302==    by 0x4D0D81E: printf (printf.c:33)
==111302==    by 0x10A5ED: calculateAveragePerCoursePerLayer (operations.c:249)
==111302==    by 0x109863: main (main.c:127)
==111302==    by 0x4CD6D8F: __libc_start_call_main (libc_start_call_main.h:58)
==111302==    by 0x4CD6E3F: __libc_start_main@@GLIBC_2.34 (libc-start.c:392)
==111302==    by 0x1093E4: _start (in /home/samah/Desktop/exellenteam/School/checkpoint-Samah-00/main)
==111302==    by 0x1FFEFFFFD7: ???
==111302==    by 0x1B: ???
==111302== 
==111302== Use of uninitialised value of size 8
==111302==    at 0x4D02478: __mpn_mul_1 (mul_1.S:36)
==111302==    by 0x4D07610: hack_digit (printf_fp.c:178)
==111302==    by 0x4D08A1A: __printf_fp_l (printf_fp.c:979)
==111302==    by 0x4D239AC: __printf_fp_spec (vfprintf-internal.c:354)
==111302==    by 0x4D239AC: __vfprintf_internal (vfprintf-internal.c:1558)
==111302==    by 0x4D0D81E: printf (printf.c:33)
==111302==    by 0x10A5ED: calculateAveragePerCoursePerLayer (operations.c:249)
==111302==    by 0x109863: main (main.c:127)
==111302==    by 0x4CD6D8F: __libc_start_call_main (libc_start_call_main.h:58)
==111302==    by 0x4CD6E3F: __libc_start_main@@GLIBC_2.34 (libc-start.c:392)
==111302==    by 0x1093E4: _start (in /home/samah/Desktop/exellenteam/School/checkpoint-Samah-00/main)
==111302==    by 0x1FFEFFFFD7: ???
==111302==    by 0x1B: ???
==111302== 
==111302== Use of uninitialised value of size 8
==111302==    at 0x4D0249C: __mpn_mul_1 (mul_1.S:52)
==111302==    by 0x4D07610: hack_digit (printf_fp.c:178)
==111302==    by 0x4D08A1A: __printf_fp_l (printf_fp.c:979)
==111302==    by 0x4D239AC: __printf_fp_spec (vfprintf-internal.c:354)
==111302==    by 0x4D239AC: __vfprintf_internal (vfprintf-internal.c:1558)
==111302==    by 0x4D0D81E: printf (printf.c:33)
==111302==    by 0x10A5ED: calculateAveragePerCoursePerLayer (operations.c:249)
==111302==    by 0x109863: main (main.c:127)
==111302==    by 0x4CD6D8F: __libc_start_call_main (libc_start_call_main.h:58)
==111302==    by 0x4CD6E3F: __libc_start_main@@GLIBC_2.34 (libc-start.c:392)
==111302==    by 0x1093E4: _start (in /home/samah/Desktop/exellenteam/School/checkpoint-Samah-00/main)
==111302==    by 0x1FFEFFFFD7: ???
==111302==    by 0x1B: ???
==111302== 
==111302== Conditional jump or move depends on uninitialised value(s)
==111302==    at 0x4D08A3A: __printf_fp_l (printf_fp.c:981)
==111302==    by 0x4D239AC: __printf_fp_spec (vfprintf-internal.c:354)
==111302==    by 0x4D239AC: __vfprintf_internal (vfprintf-internal.c:1558)
==111302==    by 0x4D0D81E: printf (printf.c:33)
==111302==    by 0x10A5ED: calculateAveragePerCoursePerLayer (operations.c:249)
==111302==    by 0x109863: main (main.c:127)
==111302==    by 0x4CD6D8F: __libc_start_call_main (libc_start_call_main.h:58)
==111302==    by 0x4CD6E3F: __libc_start_main@@GLIBC_2.34 (libc-start.c:392)
==111302==    by 0x1093E4: _start (in /home/samah/Desktop/exellenteam/School/checkpoint-Samah-00/main)
==111302==    by 0x1FFEFFFFD7: ???
==111302==    by 0x1B: ???
==111302== 
==111302== Conditional jump or move depends on uninitialised value(s)
==111302==    at 0x4D08AA8: round_away (rounding-mode.h:52)
==111302==    by 0x4D08AA8: __printf_fp_l (printf_fp.c:998)
==111302==    by 0x4D239AC: __printf_fp_spec (vfprintf-internal.c:354)
==111302==    by 0x4D239AC: __vfprintf_internal (vfprintf-internal.c:1558)
==111302==    by 0x4D0D81E: printf (printf.c:33)
==111302==    by 0x10A5ED: calculateAveragePerCoursePerLayer (operations.c:249)
==111302==    by 0x109863: main (main.c:127)
==111302==    by 0x4CD6D8F: __libc_start_call_main (libc_start_call_main.h:58)
==111302==    by 0x4CD6E3F: __libc_start_main@@GLIBC_2.34 (libc-start.c:392)
==111302==    by 0x1093E4: _start (in /home/samah/Desktop/exellenteam/School/checkpoint-Samah-00/main)
==111302==    by 0x1FFEFFFFD7: ???
==111302==    by 0x1B: ???
==111302== 
==111302== Conditional jump or move depends on uninitialised value(s)
==111302==    at 0x4D08D25: __printf_fp_l (printf_fp.c:1166)
==111302==    by 0x4D239AC: __printf_fp_spec (vfprintf-internal.c:354)
==111302==    by 0x4D239AC: __vfprintf_internal (vfprintf-internal.c:1558)
==111302==    by 0x4D0D81E: printf (printf.c:33)
==111302==    by 0x10A5ED: calculateAveragePerCoursePerLayer (operations.c:249)
==111302==    by 0x109863: main (main.c:127)
==111302==    by 0x4CD6D8F: __libc_start_call_main (libc_start_call_main.h:58)
==111302==    by 0x4CD6E3F: __libc_start_main@@GLIBC_2.34 (libc-start.c:392)
==111302==    by 0x1093E4: _start (in /home/samah/Desktop/exellenteam/School/checkpoint-Samah-00/main)
==111302==    by 0x1FFEFFFFD7: ???
==111302==    by 0x1B: ???
==111302== 
==111302== Conditional jump or move depends on uninitialised value(s)
==111302==    at 0x4D23B56: __vfprintf_internal (vfprintf-internal.c:1516)
==111302==    by 0x4D0D749: fprintf (fprintf.c:32)
==111302==    by 0x10A861: printStudentToFile (operations.c:289)
==111302==    by 0x10A6F1: exportDatabaseToFile (operations.c:272)
==111302==    by 0x109874: main (main.c:130)
==111302==    by 0x4CD6D8F: __libc_start_call_main (libc_start_call_main.h:58)
==111302==    by 0x4CD6E3F: __libc_start_main@@GLIBC_2.34 (libc-start.c:392)
==111302==    by 0x1093E4: _start (in /home/samah/Desktop/exellenteam/School/checkpoint-Samah-00/main)
==111302==    by 0x1FFEFFFFD7: ???
==111302==    by 0x1B: ???
==111302== 
==111302== Use of uninitialised value of size 8
==111302==    at 0x4D0733B: _itoa_word (_itoa.c:177)
==111302==    by 0x4D22B3D: __vfprintf_internal (vfprintf-internal.c:1516)
==111302==    by 0x4D0D749: fprintf (fprintf.c:32)
==111302==    by 0x10A861: printStudentToFile (operations.c:289)
==111302==    by 0x10A6F1: exportDatabaseToFile (operations.c:272)
==111302==    by 0x109874: main (main.c:130)
==111302==    by 0x4CD6D8F: __libc_start_call_main (libc_start_call_main.h:58)
==111302==    by 0x4CD6E3F: __libc_start_main@@GLIBC_2.34 (libc-start.c:392)
==111302==    by 0x1093E4: _start (in /home/samah/Desktop/exellenteam/School/checkpoint-Samah-00/main)
==111302==    by 0x1FFEFFFFD7: ???
==111302==    by 0x1B: ???
==111302== 
==111302== Conditional jump or move depends on uninitialised value(s)
==111302==    at 0x4D0734C: _itoa_word (_itoa.c:177)
==111302==    by 0x4D22B3D: __vfprintf_internal (vfprintf-internal.c:1516)
==111302==    by 0x4D0D749: fprintf (fprintf.c:32)
==111302==    by 0x10A861: printStudentToFile (operations.c:289)
==111302==    by 0x10A6F1: exportDatabaseToFile (operations.c:272)
==111302==    by 0x109874: main (main.c:130)
==111302==    by 0x4CD6D8F: __libc_start_call_main (libc_start_call_main.h:58)
==111302==    by 0x4CD6E3F: __libc_start_main@@GLIBC_2.34 (libc-start.c:392)
==111302==    by 0x1093E4: _start (in /home/samah/Desktop/exellenteam/School/checkpoint-Samah-00/main)
==111302==    by 0x1FFEFFFFD7: ???
==111302==    by 0x1B: ???
==111302== 
==111302== Conditional jump or move depends on uninitialised value(s)
==111302==    at 0x4D23643: __vfprintf_internal (vfprintf-internal.c:1516)
==111302==    by 0x4D0D749: fprintf (fprintf.c:32)
==111302==    by 0x10A861: printStudentToFile (operations.c:289)
==111302==    by 0x10A6F1: exportDatabaseToFile (operations.c:272)
==111302==    by 0x109874: main (main.c:130)
==111302==    by 0x4CD6D8F: __libc_start_call_main (libc_start_call_main.h:58)
==111302==    by 0x4CD6E3F: __libc_start_main@@GLIBC_2.34 (libc-start.c:392)
==111302==    by 0x1093E4: _start (in /home/samah/Desktop/exellenteam/School/checkpoint-Samah-00/main)
==111302==    by 0x1FFEFFFFD7: ???
==111302==    by 0x1B: ???
==111302== 
==111302== Conditional jump or move depends on uninitialised value(s)
==111302==    at 0x4D22C85: __vfprintf_internal (vfprintf-internal.c:1516)
==111302==    by 0x4D0D749: fprintf (fprintf.c:32)
==111302==    by 0x10A861: printStudentToFile (operations.c:289)
==111302==    by 0x10A6F1: exportDatabaseToFile (operations.c:272)
==111302==    by 0x109874: main (main.c:130)
==111302==    by 0x4CD6D8F: __libc_start_call_main (libc_start_call_main.h:58)
==111302==    by 0x4CD6E3F: __libc_start_main@@GLIBC_2.34 (libc-start.c:392)
==111302==    by 0x1093E4: _start (in /home/samah/Desktop/exellenteam/School/checkpoint-Samah-00/main)
==111302==    by 0x1FFEFFFFD7: ???
==111302==    by 0x1B: ???
==111302== 
==111302== 
==111302== HEAP SUMMARY:
==111302==     in use at exit: 211,433,248 bytes in 91,787 blocks
==111302==   total heap usage: 100,032 allocs, 8,245 frees, 230,427,008 bytes allocated
==111302== 
==111302== 2,080 bytes in 20 blocks are definitely lost in loss record 1 of 4
==111302==    at 0x4848899: malloc (in /usr/libexec/valgrind/vgpreload_memcheck-amd64-linux.so)
==111302==    by 0x10969F: createCourse (main.c:69)
==111302==    by 0x10AD41: buildDatabase (build_data.c:73)
==111302==    by 0x10970E: main (main.c:89)
==111302==    by 0x4CD6D8F: __libc_start_call_main (libc_start_call_main.h:58)
==111302==    by 0x4CD6E3F: __libc_start_main@@GLIBC_2.34 (libc-start.c:392)
==111302==    by 0x1093E4: _start (in /home/samah/Desktop/exellenteam/School/checkpoint-Samah-00/main)
==111302==    by 0x1FFEFFFFD7: ???
==111302==    by 0x1B: ???
==111302== 
==111302== 16,515,072 bytes in 7,168 blocks are possibly lost in loss record 2 of 4
==111302==    at 0x4848899: malloc (in /usr/libexec/valgrind/vgpreload_memcheck-amd64-linux.so)
==111302==    by 0x1094D4: createStudent (main.c:34)
==111302==    by 0x10AB89: readStudentsFromFile (build_data.c:50)
==111302==    by 0x10AE04: buildDatabase (build_data.c:83)
==111302==    by 0x10970E: main (main.c:89)
==111302==    by 0x4CD6D8F: __libc_start_call_main (libc_start_call_main.h:58)
==111302==    by 0x4CD6E3F: __libc_start_main@@GLIBC_2.34 (libc-start.c:392)
==111302==    by 0x1093E4: _start (in /home/samah/Desktop/exellenteam/School/checkpoint-Samah-00/main)
==111302==    by 0x1FFEFFFFD7: ???
==111302==    by 0x1B: ???
==111302== 
==111302== 194,662,656 bytes in 84,489 blocks are indirectly lost in loss record 3 of 4
==111302==    at 0x4848899: malloc (in /usr/libexec/valgrind/vgpreload_memcheck-amd64-linux.so)
==111302==    by 0x1094D4: createStudent (main.c:34)
==111302==    by 0x10AB89: readStudentsFromFile (build_data.c:50)
==111302==    by 0x10AE04: buildDatabase (build_data.c:83)
==111302==    by 0x10970E: main (main.c:89)
==111302==    by 0x4CD6D8F: __libc_start_call_main (libc_start_call_main.h:58)
==111302==    by 0x4CD6E3F: __libc_start_main@@GLIBC_2.34 (libc-start.c:392)
==111302==    by 0x1093E4: _start (in /home/samah/Desktop/exellenteam/School/checkpoint-Samah-00/main)
==111302==    by 0x1FFEFFFFD7: ???
==111302==    by 0x1B: ???
==111302== 
==111302== 194,916,096 (253,440 direct, 194,662,656 indirect) bytes in 110 blocks are definitely lost in loss record 4 of 4
==111302==    at 0x4848899: malloc (in /usr/libexec/valgrind/vgpreload_memcheck-amd64-linux.so)
==111302==    by 0x1094D4: createStudent (main.c:34)
==111302==    by 0x10AB89: readStudentsFromFile (build_data.c:50)
==111302==    by 0x10AE04: buildDatabase (build_data.c:83)
==111302==    by 0x10970E: main (main.c:89)
==111302==    by 0x4CD6D8F: __libc_start_call_main (libc_start_call_main.h:58)
==111302==    by 0x4CD6E3F: __libc_start_main@@GLIBC_2.34 (libc-start.c:392)
==111302==    by 0x1093E4: _start (in /home/samah/Desktop/exellenteam/School/checkpoint-Samah-00/main)
==111302==    by 0x1FFEFFFFD7: ???
==111302==    by 0x1B: ???
==111302== 
==111302== LEAK SUMMARY:
==111302==    definitely lost: 255,520 bytes in 130 blocks
==111302==    indirectly lost: 194,662,656 bytes in 84,489 blocks
==111302==      possibly lost: 16,515,072 bytes in 7,168 blocks
==111302==    still reachable: 0 bytes in 0 blocks
==111302==         suppressed: 0 bytes in 0 blocks
==111302== 
==111302== Use --track-origins=yes to see where uninitialised values come from
==111302== For lists of detected and suppressed errors, rerun with: -s
==111302== ERROR SUMMARY: 1929647 errors from 68 contexts (suppressed: 0 from 0)
